2025-05-08 15:29:10,207 - DataCollector - INFO - ✅ Datos obtenidos correctamente.
2025-05-08 15:30:59,602 - DataCollector - INFO - ✅ Datos obtenidos correctamente.
2025-05-08 15:32:07,003 - DataCollector - INFO - ✅ Datos obtenidos correctamente.
2025-05-08 15:40:07,492 - DataCollector - INFO - ✅ Datos obtenidos correctamente.
2025-05-08 15:40:26,091 - DataCollector - INFO - ✅ Datos obtenidos correctamente.
2025-05-08 15:44:21,505 - DataCollector - INFO - ✅ Datos obtenidos correctamente.
2025-05-08 15:44:21,524 - DataCollector - INFO - ✅ Datos guardados en la base de datos
2025-05-08 15:44:21,527 - DataCollector - INFO - ✅ Datos guardados en CSV
2025-05-08 16:04:58,343 - DataCollector - INFO - ✅ Datos obtenidos correctamente.
2025-05-08 16:04:58,353 - DataCollector - INFO - ✅ Datos guardados en la base de datos
2025-05-08 16:04:58,354 - DataCollector - INFO - ✅ Datos guardados correctamente en CSV
2025-05-09 21:09:47,362 - DataCollector - INFO - ✅ Datos obtenidos correctamente.
2025-05-09 21:09:47,452 - DataCollector - INFO - ✅ Datos guardados en la base de datos
2025-05-09 21:09:47,479 - DataCollector - INFO - ✅ Datos guardados correctamente en CSV
2025-05-09 21:13:23,890 - DataCollector - INFO - ✅ Datos obtenidos correctamente.
2025-05-09 21:13:23,989 - DataCollector - INFO - ✅ Datos guardados en la base de datos
2025-05-09 21:13:24,023 - DataCollector - INFO - ✅ Datos guardados correctamente en CSV
2025-05-09 21:17:13,822 - DataCollector - INFO - ✅ Datos obtenidos correctamente.
2025-05-09 21:17:14,017 - DataCollector - INFO - ✅ Datos guardados en la base de datos
2025-05-09 21:17:14,043 - DataCollector - INFO - ✅ Datos guardados correctamente en CSV
2025-05-09 21:20:08,997 - DataCollector - INFO - ✅ Datos obtenidos correctamente.
2025-05-09 21:20:09,160 - DataCollector - INFO - ✅ Datos guardados en la base de datos
2025-05-09 21:20:09,194 - DataCollector - INFO - ✅ Datos guardados correctamente en CSV
2025-05-09 21:24:01,489 - DataCollector - INFO - ✅ Datos obtenidos correctamente.
2025-05-09 21:59:36,503 - DataCollector - INFO - ✅ Datos obtenidos correctamente.
2025-05-09 22:01:33,299 - DataCollector - INFO - ✅ Datos obtenidos correctamente.
2025-05-09 22:04:48,934 - DataCollector - INFO - ✅ Datos obtenidos correctamente.
2025-05-09 22:04:49,267 - DataCollector - INFO - ✅ Datos guardados en la base de datos
2025-05-09 22:04:49,299 - DataCollector - INFO - ✅ Datos guardados correctamente en CSV
2025-05-09 22:10:48,899 - DataCollector - INFO - ✅ Datos obtenidos correctamente.
2025-05-09 22:10:49,307 - DataCollector - INFO - ✅ Datos guardados en la base de datos
2025-05-09 22:10:49,347 - DataCollector - INFO - ✅ Datos guardados correctamente en CSV
2025-05-09 22:24:39,244 - DataCollector - INFO - ✅ Datos obtenidos correctamente.
2025-05-09 22:24:39,398 - DataCollector - INFO - ✅ 1825 registros guardados en la base de datos
2025-05-09 22:24:39,443 - DataCollector - INFO - 📌 Reporte generado en h:\Mi unidad\Backup\IUD_9no_sem\Proyecto 5\P_integrador_5\src\proyecto\docs\reporte_entrega1.pdf
2025-05-09 22:28:03,805 - DataCollector - INFO - ✅ Datos obtenidos correctamente.
2025-05-09 22:28:04,189 - DataCollector - INFO - ✅ Datos guardados en la base de datos
2025-05-09 22:28:04,233 - DataCollector - INFO - ✅ Datos guardados correctamente en CSV
2025-05-09 22:31:02,044 - DataCollector - INFO - ✅ Datos obtenidos correctamente.
2025-05-09 22:31:02,159 - DataCollector - INFO - ✅ 1825 registros guardados en la base de datos
2025-05-09 22:31:02,211 - DataCollector - INFO - 📌 Reporte generado correctamente en h:\Mi unidad\Backup\IUD_9no_sem\Proyecto 5\P_integrador_5\src\proyecto\docs\reporte_entrega1.pdf
2025-05-09 22:32:53,945 - DataCollector - INFO - ✅ Datos obtenidos correctamente.
2025-05-09 22:32:54,052 - DataCollector - INFO - ✅ 1825 registros guardados en la base de datos
2025-05-09 22:32:54,099 - DataCollector - INFO - 📌 Reporte generado correctamente en h:\Mi unidad\Backup\IUD_9no_sem\Proyecto 5\P_integrador_5\src\proyecto\docs\reporte_entrega1.pdf
2025-05-09 22:32:54,142 - DataCollector - INFO - ✅ 1825 registros guardados en CSV
2025-05-09 22:33:24,275 - DataCollector - INFO - ✅ Datos obtenidos correctamente.
2025-05-09 22:33:24,327 - DataCollector - INFO - ✅ 1825 registros guardados en la base de datos
2025-05-09 22:33:24,368 - DataCollector - INFO - 📌 Reporte generado correctamente en h:\Mi unidad\Backup\IUD_9no_sem\Proyecto 5\P_integrador_5\src\proyecto\docs\reporte_entrega1.pdf
2025-05-09 22:33:24,409 - DataCollector - INFO - ✅ 1825 registros guardados en CSV
2025-05-09 22:33:39,631 - DataCollector - INFO - ✅ Datos obtenidos correctamente.
2025-05-09 22:33:40,012 - DataCollector - INFO - ✅ Datos guardados en la base de datos
2025-05-09 22:33:40,063 - DataCollector - INFO - ✅ Datos guardados correctamente en CSV
2025-05-09 22:39:46,800 - DataCollector - INFO - ✅ Datos obtenidos correctamente.
2025-05-09 22:39:46,958 - DataCollector - INFO - ✅ 1825 registros guardados en la base de datos
2025-05-09 22:39:47,008 - DataCollector - INFO - 📌 Reporte generado correctamente en h:\Mi unidad\Backup\IUD_9no_sem\Proyecto 5\P_integrador_5\src\proyecto\docs\reporte_entrega1.pdf
2025-05-09 22:40:12,649 - DataCollector - INFO - ✅ Datos obtenidos correctamente.
2025-05-09 22:40:12,755 - DataCollector - INFO - ✅ 1825 registros guardados en la base de datos
2025-05-09 22:40:12,805 - DataCollector - INFO - 📌 Reporte generado correctamente en h:\Mi unidad\Backup\IUD_9no_sem\Proyecto 5\P_integrador_5\src\proyecto\docs\reporte_entrega1.pdf
2025-05-09 22:46:20,717 - DataCollector - INFO - ✅ Datos obtenidos correctamente.
2025-05-09 22:46:20,911 - DataCollector - INFO - ✅ 1825 registros guardados en la base de datos
2025-05-09 22:46:20,980 - DataCollector - INFO - 📌 Reporte generado correctamente
2025-05-09 22:49:54,711 - DataCollector - INFO - ✅ Datos obtenidos correctamente.
2025-05-09 22:52:36,918 - DataCollector - INFO - ✅ Datos obtenidos correctamente.
2025-05-09 22:55:33,217 - DataCollector - INFO - ✅ Datos obtenidos correctamente.
2025-05-09 22:59:21,477 - DataCollector - INFO - ✅ Datos obtenidos correctamente.
2025-05-09 22:59:21,725 - DataCollector - INFO - ✅ Datos guardados correctamente en CSV
2025-05-09 23:12:16,999 - DataCollector - INFO - ✅ Datos obtenidos correctamente.
2025-05-09 23:15:16,885 - DataCollector - INFO - ✅ Datos obtenidos correctamente.
2025-05-09 23:15:17,161 - DataCollector - INFO - ✅ Datos guardados correctamente en CSV
2025-05-09 23:27:06,165 - DataCollector - INFO - ✅ Datos obtenidos correctamente.
2025-05-09 23:27:06,604 - DataCollector - INFO - ✅ Datos guardados en la base de datos
2025-05-09 23:27:06,658 - DataCollector - INFO - ✅ Datos guardados correctamente en CSV
2025-05-09 23:27:06,686 - DataCollector - ERROR - ⚠ Error al generar el reporte PDF: time data 'May 10, 2025' does not match format '%Y-%m-%d'
2025-05-09 23:30:11,347 - DataCollector - INFO - ✅ Datos obtenidos correctamente.
2025-05-09 23:30:11,716 - DataCollector - INFO - ✅ Datos guardados en la base de datos
2025-05-09 23:30:11,765 - DataCollector - INFO - ✅ Datos guardados correctamente en CSV
2025-05-09 23:30:11,774 - DataCollector - ERROR - ⚠ Error al generar el reporte PDF: time data 'May 10, 2025' does not match format '%Y-%m-%d'
2025-05-09 23:33:26,678 - DataCollector - INFO - ✅ Datos obtenidos correctamente.
2025-05-09 23:33:27,159 - DataCollector - INFO - ✅ Datos guardados en la base de datos
2025-05-09 23:33:27,198 - DataCollector - INFO - ✅ Datos guardados correctamente en CSV
2025-05-09 23:33:27,207 - DataCollector - ERROR - ⚠ Error al generar el reporte PDF: time data 'May 10, 2025' does not match format '%Y-%m-%d'
2025-05-09 23:36:14,976 - DataCollector - INFO - ✅ Datos obtenidos correctamente.
2025-05-09 23:36:15,462 - DataCollector - INFO - ✅ Datos guardados en la base de datos
2025-05-09 23:36:15,498 - DataCollector - INFO - ✅ Datos guardados correctamente en CSV
2025-05-09 23:36:15,506 - DataCollector - ERROR - ⚠ Error al generar el reporte PDF: time data 'May 10, 2025' does not match format '%Y-%m-%d'
2025-05-09 23:39:14,875 - DataCollector - INFO - ✅ Datos obtenidos correctamente.
2025-05-09 23:39:15,306 - DataCollector - INFO - ✅ Datos guardados en la base de datos
2025-05-09 23:39:15,341 - DataCollector - INFO - ✅ Datos guardados correctamente en CSV
2025-05-09 23:39:15,350 - DataCollector - ERROR - ⚠ Error al generar el reporte PDF: time data 'May 10, 2025' does not match format '%Y-%m-%d'
2025-05-09 23:42:22,584 - DataCollector - INFO - ✅ Datos obtenidos correctamente.
2025-05-09 23:42:23,104 - DataCollector - INFO - ✅ Datos guardados en la base de datos
2025-05-09 23:42:23,141 - DataCollector - INFO - ✅ Datos guardados correctamente en CSV
2025-05-09 23:42:23,152 - DataCollector - ERROR - ⚠ Error al generar el reporte PDF: time data 'May 10, 2025' does not match format '%Y-%m-%d'
2025-05-09 23:45:21,082 - DataCollector - INFO - ✅ Datos obtenidos correctamente.
2025-05-09 23:45:21,465 - DataCollector - INFO - ✅ Datos guardados en la base de datos
2025-05-09 23:45:21,517 - DataCollector - INFO - ✅ Datos guardados correctamente en CSV
2025-05-09 23:45:21,529 - DataCollector - ERROR - ⚠ Error al generar el reporte PDF: time data 'May 10, 2025' does not match format '%Y-%m-%d'
2025-05-09 23:45:46,854 - DataCollector - INFO - ✅ Datos obtenidos correctamente.
2025-05-09 23:45:47,238 - DataCollector - INFO - ✅ Datos guardados en la base de datos
2025-05-09 23:45:47,295 - DataCollector - INFO - ✅ Datos guardados correctamente en CSV
2025-05-09 23:45:47,305 - DataCollector - ERROR - ⚠ Error al generar el reporte PDF: time data 'May 10, 2025' does not match format '%Y-%m-%d'
2025-05-09 23:52:49,055 - DataCollector - INFO - ✅ Datos obtenidos correctamente.
2025-05-09 23:52:49,426 - DataCollector - INFO - ✅ Datos guardados en la base de datos
2025-05-09 23:52:49,462 - DataCollector - INFO - ✅ Datos guardados correctamente en CSV
2025-05-09 23:54:35,481 - DataCollector - INFO - ✅ Datos obtenidos correctamente.
2025-05-09 23:54:35,737 - DataCollector - INFO - ✅ Datos guardados en la base de datos
2025-05-09 23:54:35,767 - DataCollector - INFO - ✅ Datos guardados correctamente en CSV
2025-05-11 10:47:11,091 - DataCollector - INFO - ✅ Datos obtenidos correctamente.
2025-05-11 10:47:11,435 - DataCollector - INFO - ✅ Datos guardados en la base de datos
2025-05-11 10:47:11,454 - DataCollector - INFO - ✅ Datos guardados correctamente en CSV
2025-05-11 10:54:35,068 - DataCollector - INFO - ✅ Datos obtenidos correctamente.
2025-05-11 10:54:35,430 - DataCollector - INFO - ✅ Datos guardados en la base de datos
2025-05-11 10:54:35,464 - DataCollector - INFO - ✅ Datos guardados correctamente en CSV
2025-05-11 10:56:58,052 - DataCollector - INFO - ✅ Datos obtenidos correctamente.
2025-05-11 10:56:58,425 - DataCollector - INFO - ✅ Datos guardados en la base de datos
2025-05-11 10:56:58,460 - DataCollector - INFO - ✅ Datos guardados correctamente en CSV
2025-05-11 11:03:58,828 - DataCollector - INFO - ✅ Datos obtenidos correctamente.
2025-05-11 11:03:59,171 - DataCollector - INFO - ✅ Datos guardados y actualizados en la base de datos
2025-05-11 11:03:59,185 - DataCollector - INFO - ✅ Datos guardados correctamente en CSV
2025-05-11 11:06:20,293 - DataCollector - INFO - ✅ Datos obtenidos correctamente.
2025-05-11 11:06:23,360 - DataCollector - INFO - ✅ Datos guardados y actualizados en la base de datos
2025-05-11 11:06:23,385 - DataCollector - INFO - ✅ Datos guardados correctamente en CSV
2025-05-11 15:22:03,445 - DataCollector - INFO - ✅ Datos obtenidos correctamente.
2025-05-11 15:22:10,181 - DataCollector - INFO - ✅ Datos guardados y actualizados en la base de datos
2025-05-11 15:22:10,231 - DataCollector - INFO - ✅ Datos guardados correctamente en CSV
2025-05-11 15:27:48,730 - DataCollector - INFO - ✅ Datos obtenidos correctamente.
2025-05-11 15:27:49,234 - DataCollector - INFO - ✅ Base de datos actualizada correctamente
2025-05-11 15:27:49,271 - DataCollector - INFO - ✅ Datos guardados correctamente en CSV
2025-05-11 23:27:03,695 - DataCollector - INFO - ✅ Datos obtenidos correctamente.
2025-05-11 23:27:03,711 - DataCollector - INFO - ✅ Base de datos actualizada correctamente
2025-05-11 23:27:03,718 - DataCollector - INFO - ✅ Datos guardados correctamente en CSV
2025-05-11 23:30:38,058 - DataCollector - INFO - ✅ Datos obtenidos correctamente.
2025-05-11 23:30:38,074 - DataCollector - INFO - ✅ Base de datos actualizada correctamente
2025-05-11 23:30:38,078 - DataCollector - INFO - ✅ Datos guardados correctamente en CSV
2025-05-11 23:34:24,509 - DataCollector - INFO - ✅ Datos obtenidos correctamente.
2025-05-11 23:34:24,525 - DataCollector - INFO - ✅ Base de datos actualizada correctamente
2025-05-11 23:34:24,529 - DataCollector - INFO - ✅ Datos guardados correctamente en CSV
